0 info it worked if it ends with ok
1 verbose cli [ '/usr/bin/node', '/usr/bin/npm', 'restart' ]
2 info using npm@1.4.28
3 info using node@v0.10.38
4 verbose node symlink /usr/bin/node
5 verbose run-script [ 'prerestart',
5 verbose run-script   'prestop',
5 verbose run-script   'stop',
5 verbose run-script   'poststop',
5 verbose run-script   'restart',
5 verbose run-script   'prestart',
5 verbose run-script   'start',
5 verbose run-script   'poststart',
5 verbose run-script   'postrestart' ]
6 info prerestart ghost@0.6.2
7 info prestop ghost@0.6.2
8 info stop ghost@0.6.2
9 info poststop ghost@0.6.2
10 info restart ghost@0.6.2
11 info prestart ghost@0.6.2
12 info start ghost@0.6.2
13 verbose unsafe-perm in lifecycle true
14 info ghost@0.6.2 Failed to exec start script
15 error ghost@0.6.2 start: `node index`
15 error Exit status 255
16 error Failed at the ghost@0.6.2 start script.
16 error This is most likely a problem with the ghost package,
16 error not with npm itself.
16 error Tell the author that this fails on your system:
16 error     node index
16 error You can get their info via:
16 error     npm owner ls ghost
16 error There is likely additional logging output above.
17 error System Linux 4.0.4-x86_64-linode57
18 error command "/usr/bin/node" "/usr/bin/npm" "restart"
19 error cwd /home/anx/ghost
20 error node -v v0.10.38
21 error npm -v 1.4.28
22 error code ELIFECYCLE
23 verbose exit [ 1, true ]
